Fri Aug 25 2023-->16:5:33--> [PH] error: globalErrorHandler: [
  {
    "received": "",
    "code": "invalid_enum_value",
    "options": [
      "pre_recorded",
      "jobs",
      "events"
    ],
    "path": [
      "body",
      "course_mode"
    ],
    "message": "Invalid enum value. Expected 'pre_recorded' | 'jobs' | 'events', received ''"
  }
]
Fri Aug 25 2023-->16:10:22--> [PH] error: globalErrorHandler: [
  {
    "received": "",
    "code": "invalid_enum_value",
    "options": [
      "pre_recorded",
      "jobs",
      "events"
    ],
    "path": [
      "body",
      "course_mode"
    ],
    "message": "Invalid enum value. Expected 'pre_recorded' | 'jobs' | 'events', received ''"
  }
]
