Thu Sep 21 2023-->1:2:44--> [PH] error: globalErrorHandler: [
  {
    "code": "invalid_type",
    "expected": "string",
    "received": "undefined",
    "path": [
      "body",
      "uid"
    ],
    "message": "uid must be provide"
  }
]
Thu Sep 21 2023-->1:3:47--> [PH] error: globalErrorHandler: [
  {
    "code": "invalid_type",
    "expected": "string",
    "received": "undefined",
    "path": [
      "body",
      "uid"
    ],
    "message": "uid must be provide"
  }
]
Thu Sep 21 2023-->1:4:3--> [PH] error: globalErrorHandler: [
  {
    "code": "invalid_type",
    "expected": "string",
    "received": "undefined",
    "path": [
      "body",
      "uid"
    ],
    "message": "uid must be provide"
  }
]
Thu Sep 21 2023-->1:4:26--> [PH] error: globalErrorHandler: [
  {
    "code": "invalid_type",
    "expected": "string",
    "received": "undefined",
    "path": [
      "body",
      "uid"
    ],
    "message": "uid must be provide"
  }
]
Thu Sep 21 2023-->1:5:26--> [PH] error: globalErrorHandler: [
  {
    "code": "invalid_type",
    "expected": "string",
    "received": "undefined",
    "path": [
      "body",
      "uid"
    ],
    "message": "uid must be provide"
  }
]
Thu Sep 21 2023-->1:5:42--> [PH] error: globalErrorHandler: [
  {
    "code": "invalid_type",
    "expected": "string",
    "received": "undefined",
    "path": [
      "body",
      "uid"
    ],
    "message": "uid must be provide"
  }
]
